mode: atomic
github.com/ridakk/parseachangelog/parser/parser.go:36.58,46.29 6 2
github.com/ridakk/parseachangelog/parser/parser.go:112.2,112.23 1 2
github.com/ridakk/parseachangelog/parser/parser.go:46.29,50.52 2 92
github.com/ridakk/parseachangelog/parser/parser.go:55.3,55.37 1 64
github.com/ridakk/parseachangelog/parser/parser.go:81.3,81.38 1 59
github.com/ridakk/parseachangelog/parser/parser.go:87.3,87.36 1 41
github.com/ridakk/parseachangelog/parser/parser.go:50.52,51.12 1 28
github.com/ridakk/parseachangelog/parser/parser.go:55.37,57.22 2 5
github.com/ridakk/parseachangelog/parser/parser.go:77.4,77.12 1 5
github.com/ridakk/parseachangelog/parser/parser.go:57.22,63.50 5 5
github.com/ridakk/parseachangelog/parser/parser.go:71.5,75.72 2 5
github.com/ridakk/parseachangelog/parser/parser.go:63.50,66.29 2 3
github.com/ridakk/parseachangelog/parser/parser.go:66.29,68.7 1 3
github.com/ridakk/parseachangelog/parser/parser.go:81.38,83.12 2 18
github.com/ridakk/parseachangelog/parser/parser.go:87.36,90.41 2 33
github.com/ridakk/parseachangelog/parser/parser.go:90.41,91.36 1 52
github.com/ridakk/parseachangelog/parser/parser.go:91.36,92.28 1 33
github.com/ridakk/parseachangelog/parser/parser.go:106.6,106.11 1 33
github.com/ridakk/parseachangelog/parser/parser.go:93.19,94.78 1 9
github.com/ridakk/parseachangelog/parser/parser.go:95.21,96.82 1 7
github.com/ridakk/parseachangelog/parser/parser.go:97.24,98.88 1 4
github.com/ridakk/parseachangelog/parser/parser.go:99.21,100.82 1 4
github.com/ridakk/parseachangelog/parser/parser.go:101.19,102.78 1 5
github.com/ridakk/parseachangelog/parser/parser.go:103.22,104.84 1 4
github.com/ridakk/parseachangelog/parser/parser.go:116.46,118.2 1 2
github.com/ridakk/parseachangelog/parser/parser.go:121.33,123.16 2 0
github.com/ridakk/parseachangelog/parser/parser.go:126.2,126.32 1 0
github.com/ridakk/parseachangelog/parser/parser.go:123.16,125.3 1 0
